{"/root/autolabcli/lib/git.js":{"path":"/root/autolabcli/lib/git.js","s":{"1":1,"2":1,"3":1,"4":1,"5":1,"6":1,"7":1,"8":1,"9":0,"10":0,"11":0,"12":0,"13":1,"14":0,"15":0,"16":0,"17":0,"18":1,"19":0,"20":0,"21":0,"22":0,"23":0,"24":0,"25":0,"26":0,"27":0,"28":0,"29":0,"30":0,"31":0,"32":0,"33":0,"34":0,"35":0,"36":0,"37":0,"38":0,"39":0,"40":0,"41":0,"42":1,"43":0,"44":0,"45":0,"46":0,"47":0,"48":0,"49":0,"50":0,"51":0,"52":0,"53":0,"54":0,"55":0,"56":0,"57":1,"58":0,"59":0,"60":0,"61":0,"62":0,"63":0,"64":0,"65":0,"66":0,"67":0,"68":0,"69":0,"70":0,"71":0,"72":0},"b":{"1":[0,0],"2":[0,0],"3":[0,0],"4":[0,0],"5":[0,0],"6":[0,0],"7":[0,0],"8":[0,0],"9":[0,0],"10":[0,0],"11":[0,0],"12":[0,0],"13":[0,0],"14":[0,0]},"f":{"1":0,"2":0,"3":0,"4":0,"5":0,"6":0,"7":0,"8":0,"9":0,"10":0,"11":0,"12":0,"13":0,"14":0,"15":0,"16":0},"fnMap":{"1":{"name":"(anonymous_1)","line":9,"loc":{"start":{"line":9,"column":28},"end":{"line":9,"column":39}}},"2":{"name":"(anonymous_2)","line":18,"loc":{"start":{"line":18,"column":32},"end":{"line":18,"column":50}}},"3":{"name":"(anonymous_3)","line":24,"loc":{"start":{"line":24,"column":28},"end":{"line":24,"column":39}}},"4":{"name":"(anonymous_4)","line":34,"loc":{"start":{"line":34,"column":32},"end":{"line":34,"column":50}}},"5":{"name":"(anonymous_5)","line":40,"loc":{"start":{"line":40,"column":28},"end":{"line":40,"column":47}}},"6":{"name":"(anonymous_6)","line":46,"loc":{"start":{"line":46,"column":12},"end":{"line":46,"column":28}}},"7":{"name":"(anonymous_7)","line":55,"loc":{"start":{"line":55,"column":33},"end":{"line":55,"column":52}}},"8":{"name":"(anonymous_8)","line":61,"loc":{"start":{"line":61,"column":3},"end":{"line":61,"column":36}}},"9":{"name":"(anonymous_9)","line":72,"loc":{"start":{"line":72,"column":61},"end":{"line":72,"column":76}}},"10":{"name":"(anonymous_10)","line":91,"loc":{"start":{"line":91,"column":28},"end":{"line":91,"column":47}}},"11":{"name":"(anonymous_11)","line":97,"loc":{"start":{"line":97,"column":12},"end":{"line":97,"column":28}}},"12":{"name":"(anonymous_12)","line":106,"loc":{"start":{"line":106,"column":33},"end":{"line":106,"column":52}}},"13":{"name":"(anonymous_13)","line":111,"loc":{"start":{"line":111,"column":3},"end":{"line":111,"column":36}}},"14":{"name":"(anonymous_14)","line":125,"loc":{"start":{"line":125,"column":22},"end":{"line":125,"column":33}}},"15":{"name":"(anonymous_15)","line":132,"loc":{"start":{"line":132,"column":12},"end":{"line":132,"column":28}}},"16":{"name":"(anonymous_16)","line":141,"loc":{"start":{"line":141,"column":33},"end":{"line":141,"column":52}}}},"statementMap":{"1":{"start":{"line":1,"column":0},"end":{"line":1,"column":29}},"2":{"start":{"line":2,"column":0},"end":{"line":2,"column":35}},"3":{"start":{"line":3,"column":0},"end":{"line":3,"column":41}},"4":{"start":{"line":4,"column":0},"end":{"line":4,"column":45}},"5":{"start":{"line":5,"column":0},"end":{"line":5,"column":34}},"6":{"start":{"line":6,"column":0},"end":{"line":6,"column":23}},"7":{"start":{"line":7,"column":0},"end":{"line":7,"column":33}},"8":{"start":{"line":9,"column":0},"end":{"line":22,"column":2}},"9":{"start":{"line":10,"column":1},"end":{"line":16,"column":4}},"10":{"start":{"line":18,"column":1},"end":{"line":21,"column":4}},"11":{"start":{"line":19,"column":2},"end":{"line":19,"column":43}},"12":{"start":{"line":20,"column":2},"end":{"line":20,"column":51}},"13":{"start":{"line":24,"column":0},"end":{"line":38,"column":2}},"14":{"start":{"line":25,"column":1},"end":{"line":32,"column":4}},"15":{"start":{"line":34,"column":1},"end":{"line":37,"column":4}},"16":{"start":{"line":35,"column":2},"end":{"line":35,"column":43}},"17":{"start":{"line":36,"column":2},"end":{"line":36,"column":47}},"18":{"start":{"line":40,"column":0},"end":{"line":88,"column":2}},"19":{"start":{"line":41,"column":1},"end":{"line":54,"column":4}},"20":{"start":{"line":47,"column":3},"end":{"line":52,"column":4}},"21":{"start":{"line":48,"column":4},"end":{"line":48,"column":16}},"22":{"start":{"line":51,"column":4},"end":{"line":51,"column":38}},"23":{"start":{"line":55,"column":1},"end":{"line":87,"column":4}},"24":{"start":{"line":56,"column":2},"end":{"line":56,"column":56}},"25":{"start":{"line":57,"column":2},"end":{"line":57,"column":33}},"26":{"start":{"line":58,"column":2},"end":{"line":86,"column":6}},"27":{"start":{"line":62,"column":4},"end":{"line":65,"column":5}},"28":{"start":{"line":63,"column":5},"end":{"line":63,"column":24}},"29":{"start":{"line":64,"column":5},"end":{"line":64,"column":12}},"30":{"start":{"line":66,"column":4},"end":{"line":78,"column":5}},"31":{"start":{"line":67,"column":5},"end":{"line":67,"column":75}},"32":{"start":{"line":68,"column":5},"end":{"line":71,"column":7}},"33":{"start":{"line":72,"column":5},"end":{"line":77,"column":8}},"34":{"start":{"line":73,"column":6},"end":{"line":76,"column":7}},"35":{"start":{"line":74,"column":7},"end":{"line":74,"column":32}},"36":{"start":{"line":75,"column":7},"end":{"line":75,"column":14}},"37":{"start":{"line":79,"column":4},"end":{"line":81,"column":5}},"38":{"start":{"line":80,"column":5},"end":{"line":80,"column":93}},"39":{"start":{"line":82,"column":4},"end":{"line":84,"column":5}},"40":{"start":{"line":83,"column":5},"end":{"line":83,"column":59}},"41":{"start":{"line":85,"column":4},"end":{"line":85,"column":37}},"42":{"start":{"line":91,"column":0},"end":{"line":123,"column":2}},"43":{"start":{"line":92,"column":1},"end":{"line":105,"column":4}},"44":{"start":{"line":98,"column":3},"end":{"line":103,"column":4}},"45":{"start":{"line":99,"column":4},"end":{"line":99,"column":16}},"46":{"start":{"line":102,"column":4},"end":{"line":102,"column":38}},"47":{"start":{"line":106,"column":1},"end":{"line":122,"column":4}},"48":{"start":{"line":107,"column":2},"end":{"line":107,"column":56}},"49":{"start":{"line":108,"column":2},"end":{"line":108,"column":33}},"50":{"start":{"line":109,"column":2},"end":{"line":121,"column":5}},"51":{"start":{"line":112,"column":4},"end":{"line":114,"column":5}},"52":{"start":{"line":113,"column":5},"end":{"line":113,"column":62}},"53":{"start":{"line":115,"column":4},"end":{"line":117,"column":5}},"54":{"start":{"line":116,"column":5},"end":{"line":116,"column":93}},"55":{"start":{"line":118,"column":4},"end":{"line":120,"column":5}},"56":{"start":{"line":119,"column":5},"end":{"line":119,"column":72}},"57":{"start":{"line":125,"column":0},"end":{"line":152,"column":2}},"58":{"start":{"line":126,"column":1},"end":{"line":126,"column":55}},"59":{"start":{"line":127,"column":1},"end":{"line":140,"column":4}},"60":{"start":{"line":133,"column":3},"end":{"line":138,"column":4}},"61":{"start":{"line":134,"column":4},"end":{"line":134,"column":16}},"62":{"start":{"line":137,"column":4},"end":{"line":137,"column":41}},"63":{"start":{"line":141,"column":1},"end":{"line":151,"column":5}},"64":{"start":{"line":142,"column":2},"end":{"line":142,"column":47}},"65":{"start":{"line":143,"column":2},"end":{"line":143,"column":29}},"66":{"start":{"line":144,"column":2},"end":{"line":144,"column":17}},"67":{"start":{"line":145,"column":2},"end":{"line":145,"column":41}},"68":{"start":{"line":146,"column":2},"end":{"line":146,"column":64}},"69":{"start":{"line":147,"column":2},"end":{"line":147,"column":290}},"70":{"start":{"line":148,"column":2},"end":{"line":148,"column":32}},"71":{"start":{"line":149,"column":2},"end":{"line":149,"column":30}},"72":{"start":{"line":150,"column":2},"end":{"line":150,"column":16}}},"branchMap":{"1":{"line":47,"type":"if","locations":[{"start":{"line":47,"column":3},"end":{"line":47,"column":3}},{"start":{"line":47,"column":3},"end":{"line":47,"column":3}}]},"2":{"line":62,"type":"if","locations":[{"start":{"line":62,"column":4},"end":{"line":62,"column":4}},{"start":{"line":62,"column":4},"end":{"line":62,"column":4}}]},"3":{"line":66,"type":"if","locations":[{"start":{"line":66,"column":4},"end":{"line":66,"column":4}},{"start":{"line":66,"column":4},"end":{"line":66,"column":4}}]},"4":{"line":73,"type":"if","locations":[{"start":{"line":73,"column":6},"end":{"line":73,"column":6}},{"start":{"line":73,"column":6},"end":{"line":73,"column":6}}]},"5":{"line":79,"type":"if","locations":[{"start":{"line":79,"column":4},"end":{"line":79,"column":4}},{"start":{"line":79,"column":4},"end":{"line":79,"column":4}}]},"6":{"line":79,"type":"binary-expr","locations":[{"start":{"line":79,"column":8},"end":{"line":79,"column":34}},{"start":{"line":79,"column":38},"end":{"line":79,"column":64}}]},"7":{"line":82,"type":"if","locations":[{"start":{"line":82,"column":4},"end":{"line":82,"column":4}},{"start":{"line":82,"column":4},"end":{"line":82,"column":4}}]},"8":{"line":98,"type":"if","locations":[{"start":{"line":98,"column":3},"end":{"line":98,"column":3}},{"start":{"line":98,"column":3},"end":{"line":98,"column":3}}]},"9":{"line":112,"type":"if","locations":[{"start":{"line":112,"column":4},"end":{"line":112,"column":4}},{"start":{"line":112,"column":4},"end":{"line":112,"column":4}}]},"10":{"line":115,"type":"if","locations":[{"start":{"line":115,"column":4},"end":{"line":115,"column":4}},{"start":{"line":115,"column":4},"end":{"line":115,"column":4}}]},"11":{"line":115,"type":"binary-expr","locations":[{"start":{"line":115,"column":8},"end":{"line":115,"column":34}},{"start":{"line":115,"column":38},"end":{"line":115,"column":64}}]},"12":{"line":118,"type":"if","locations":[{"start":{"line":118,"column":4},"end":{"line":118,"column":4}},{"start":{"line":118,"column":4},"end":{"line":118,"column":4}}]},"13":{"line":133,"type":"if","locations":[{"start":{"line":133,"column":3},"end":{"line":133,"column":3}},{"start":{"line":133,"column":3},"end":{"line":133,"column":3}}]},"14":{"line":147,"type":"cond-expr","locations":[{"start":{"line":147,"column":69},"end":{"line":147,"column":78}},{"start":{"line":147,"column":81},"end":{"line":147,"column":91}}]}}}}